{"numTotalTestSuites":2,"numPassedTestSuites":2,"numFailedTestSuites":0,"numPendingTestSuites":0,"numTotalTests":1,"numPassedTests":1,"numFailedTests":0,"numPendingTests":0,"numTodoTests":0,"snapshot":{"added":0,"failure":false,"filesAdded":0,"filesRemoved":0,"filesRemovedList":[],"filesUnmatched":0,"filesUpdated":0,"matched":0,"total":0,"unchecked":0,"uncheckedKeysByFile":[],"unmatched":0,"updated":0,"didUpdate":false},"startTime":1788521511944,"success":true,"testResults":[{"assertionResults":[{"ancestorTitles":["ManageOrganisationSettingsPage"],"fullName":"ManageOrganisationSettingsPage populates the selected organisation information","status":"passed","title":"populates the selected organisation information","duration":160.09879999999976,"failureMessages":[],"meta":{},"tags":[]}],"startTime":1788521516486,"endTime":1788521516646.0989,"status":"passed","message":"","name":"C:/Users/KumarSaurav(ICS)/desnz-syeia/desnz-syeia-frontend-beta/src/features/admin/pages/ManageOrganisationSettingsPage.test.tsx"}]}